<?xml version="1.0" encoding="UTF-8"?>
<testsuite name="org.cs305.assignment1.SqlExecuterTest" tests="5" skipped="0" failures="0" errors="0" timestamp="2022-02-08T18:32:23" hostname="LAPTOP-B8BENHVH" time="1.266">
  <properties/>
  <testcase name="testSelectOne()" classname="org.cs305.assignment1.SqlExecuterTest" time="0.923"/>
  <testcase name="testDelete()" classname="org.cs305.assignment1.SqlExecuterTest" time="0.053"/>
  <testcase name="testInsert()" classname="org.cs305.assignment1.SqlExecuterTest" time="0.053"/>
  <testcase name="testUpdate()" classname="org.cs305.assignment1.SqlExecuterTest" time="0.046"/>
  <testcase name="testSelectMany()" classname="org.cs305.assignment1.SqlExecuterTest" time="0.186"/>
  <system-out><![CDATA[]]></system-out>
  <system-err><![CDATA[]]></system-err>
</testsuite>
